<?xml version="1.0" encoding="UTF-8"?>
<testng-results skipped="0" failed="0" ignored="0" total="0" passed="0">
  <reporter-output>
  </reporter-output>
  <suite name="com.atmecs.task.AppTest" duration-ms="16" started-at="2019-08-22T09:53:00Z" finished-at="2019-08-22T09:53:00Z">
    <groups>
    </groups>
    <test name="Command line test" duration-ms="16" started-at="2019-08-22T09:53:00Z" finished-at="2019-08-22T09:53:00Z">
    </test> <!-- Command line test -->
  </suite> <!-- com.atmecs.task.AppTest -->
</testng-results>
