<?xml version="1.0" encoding="UTF-8"?>
<!-- Generated by org.testng.reporters.JUnitXMLReporter -->
<testsuite hostname="ATMECSINLT-084" ignored="0" name="Default test" tests="4" failures="0" timestamp="22 Aug 2019 08:12:17 GMT" time="0.066" errors="0">
  <testcase name="testMethodOne" time="0.012" classname="com.atmecs.task.FactoryTestNg"/>
  <testcase name="testMethodOne" time="0.004" classname="com.atmecs.task.FactoryTestNg"/>
  <testcase name="testMethodTwo" time="0.0" classname="com.atmecs.task.FactoryTestNg"/>
  <testcase name="testMethodTwo" time="0.0" classname="com.atmecs.task.FactoryTestNg"/>
</testsuite> <!-- Default test -->
