<?xml version="1.0" encoding="UTF-8"?>
<testng-results skipped="0" failed="0" ignored="0" total="4" passed="4">
  <reporter-output>
  </reporter-output>
  <suite name="Default suite" duration-ms="66" started-at="2019-08-22T08:12:17Z" finished-at="2019-08-22T08:12:17Z">
    <groups>
    </groups>
    <test name="Default test" duration-ms="66" started-at="2019-08-22T08:12:17Z" finished-at="2019-08-22T08:12:17Z">
      <class name="com.atmecs.task.FactoryTestNg">
        <test-method status="PASS" signature="testMethodOne()[pri:0, instance:com.atmecs.task.FactoryTestNg@604ed9f0]" name="testMethodOne" duration-ms="12" started-at="2019-08-22T08:12:17Z" finished-at="2019-08-22T08:12:17Z">
          <reporter-output>
          </reporter-output>
        </test-method> <!-- testMethodOne -->
        <test-method status="PASS" signature="testMethodOne()[pri:0, instance:com.atmecs.task.FactoryTestNg@91161c7]" name="testMethodOne" duration-ms="4" started-at="2019-08-22T08:12:17Z" finished-at="2019-08-22T08:12:17Z">
          <reporter-output>
          </reporter-output>
        </test-method> <!-- testMethodOne -->
        <test-method status="PASS" signature="testMethodTwo()[pri:0, instance:com.atmecs.task.FactoryTestNg@604ed9f0]" name="testMethodTwo" duration-ms="0" started-at="2019-08-22T08:12:17Z" finished-at="2019-08-22T08:12:17Z">
          <reporter-output>
          </reporter-output>
        </test-method> <!-- testMethodTwo -->
        <test-method status="PASS" signature="testMethodTwo()[pri:0, instance:com.atmecs.task.FactoryTestNg@91161c7]" name="testMethodTwo" duration-ms="0" started-at="2019-08-22T08:12:17Z" finished-at="2019-08-22T08:12:17Z">
          <reporter-output>
          </reporter-output>
        </test-method> <!-- testMethodTwo -->
      </class> <!-- com.atmecs.task.FactoryTestNg -->
    </test> <!-- Default test -->
  </suite> <!-- Default suite -->
</testng-results>
